<?xml version='1.0' encoding='UTF-8'?>
<testsuite hostname="DESKTOP-VM9BK3C" name="test" tests="7" errors="0" failures="0" skipped="0" time="10.793" timestamp="2019-11-27T17:10:28">
                     <properties>
[...]
</properties>
                     <testcase classname="test" name="dir command should return success" time="0.259">
                                                 
                                               </testcase><testcase classname="test" name="md command should return success" time="0.436">
                                                 
                                               </testcase><testcase classname="test" name="Date command should return success" time="0.239">
                                                 
                                               </testcase><testcase classname="test" name="Process command should return success" time="0.832">
                                                 
                                               </testcase><testcase classname="test" name="Curl command should contain 200 OK" time="7.678">
                                                 
                                               </testcase><testcase classname="test" name="various commands should use date to create folder and check for it" time="0.885">
                                                 
                                               </testcase><testcase classname="test" name="dir and date commands should use date to replace dir command results" time="0.464">
                                                 
                                               </testcase>
                     <system-out><![CDATA[]]></system-out>
                     <system-err><![CDATA[]]></system-err>
                   </testsuite>